2026-02-12 15:17:36 - INFO - ============================================================
2026-02-12 15:17:36 - INFO - IO PLANNING MODEL SIMULATION
2026-02-12 15:17:36 - INFO - ============================================================
2026-02-12 15:17:36 - INFO - Start time: 2026-02-12 15:17:36
2026-02-12 15:17:36 - INFO - Configuration file: config.yaml
2026-02-12 15:17:36 - INFO - Output directory: simulation_outputs
2026-02-12 15:17:36 - INFO - 
2026-02-12 15:17:36 - INFO - Plot style configured
2026-02-12 15:17:36 - INFO - ============================================================
2026-02-12 15:17:36 - INFO - LOADING DATA FILES
2026-02-12 15:17:36 - INFO - ============================================================
2026-02-12 15:17:36 - INFO - Found IO matrix file: Spanish A-matrix.xlsx
2026-02-12 15:17:36 - INFO - Loading IO matrix from Spanish A-matrix.xlsx, sheet 'A Matrix'
2026-02-12 15:17:36 - INFO - Successfully loaded 64x64 IO matrix
2026-02-12 15:17:36 - INFO - Found Value added file: Value added.xlsx
2026-02-12 15:17:36 - INFO - Loading value added data from Value added.xlsx
2026-02-12 15:17:36 - INFO - Successfully loaded value added for 64 sectors
2026-02-12 15:17:36 - INFO - Found Consumption and production file: Consumption and total production.xlsx
2026-02-12 15:17:36 - INFO - Loading consumption and output data from Consumption and total production.xlsx
2026-02-12 15:17:36 - INFO - Successfully loaded consumption and output data for 64 sectors
2026-02-12 15:17:36 - INFO - Computed value added per unit of output
2026-02-12 15:17:36 - INFO - ============================================================
2026-02-12 15:17:36 - INFO - DATA LOADING COMPLETE
2026-02-12 15:17:36 - INFO - ============================================================
2026-02-12 15:17:36 - INFO - 
2026-02-12 15:17:36 - INFO - Testing Neumann series convergence...
2026-02-12 15:17:36 - INFO - Converged at k = 17, error = 0.008114%
2026-02-12 15:17:36 - INFO - Saved convergence plot: neumann_convergence.png
2026-02-12 15:17:36 - INFO - ============================================================
2026-02-12 15:17:36 - INFO - INITIALIZING SIMULATION
2026-02-12 15:17:36 - INFO - ============================================================
2026-02-12 15:17:36 - INFO - Random seed set to 70
2026-02-12 15:17:36 - INFO - Created depreciation matrix with rates: heavy=0.115, medium=0.065, light=0.034 (annual)
2026-02-12 15:17:36 - INFO - Created capital intensity matrix with means: heavy=0.982, medium=0.705, light=0.399
2026-02-12 15:17:36 - INFO - Simulation initialized: T=72, n=64, k=40
2026-02-12 15:17:36 - INFO - ============================================================
2026-02-12 15:17:36 - INFO - 
2026-02-12 15:17:36 - INFO - ============================================================
2026-02-12 15:17:36 - INFO - RUNNING SIMULATION
2026-02-12 15:17:36 - INFO - ============================================================
2026-02-12 15:17:36 - INFO - Progress: Year 1/5
2026-02-12 15:17:36 - INFO - Progress: Year 2/5
2026-02-12 15:17:36 - INFO - Progress: Year 3/5
2026-02-12 15:17:37 - INFO - Progress: Year 4/5
2026-02-12 15:17:37 - INFO - Progress: Year 5/5
2026-02-12 15:17:37 - INFO - Simulation loop complete
2026-02-12 15:17:37 - INFO - ============================================================
2026-02-12 15:17:37 - INFO - 
2026-02-12 15:17:37 - INFO - Computing results...
2026-02-12 15:17:37 - INFO - Excess demand: 0.0061%
2026-02-12 15:17:37 - INFO - Mean absolute output gap: 1.6704%
2026-02-12 15:17:37 - INFO - Annual growth rate: 4.4031%
2026-02-12 15:17:37 - INFO - Debt to GDP ratio: 17.7415%
2026-02-12 15:17:37 - INFO - Saving results to CSV...
2026-02-12 15:17:37 - INFO - CSV files saved to simulation_outputs
2026-02-12 15:17:37 - INFO - Generating plots...
2026-02-12 15:17:37 - INFO - Saved plot: Government.png
2026-02-12 15:17:37 - INFO - Saved plot: Consumption.png
2026-02-12 15:17:37 - INFO - Saved plot: Excess_demand.png
2026-02-12 15:17:37 - INFO - Saved plot: Investment.png
2026-02-12 15:17:37 - INFO - Saved plot: Output_gap.png
2026-02-12 15:17:37 - INFO - Saved plot: Utilization.png
2026-02-12 15:17:38 - INFO - Saved plot: GDP_Capacity_AD.png
2026-02-12 15:17:38 - INFO - Saved plot: GDP_Capacity_AD_quarterly.png
2026-02-12 15:17:38 - INFO - All plots saved to simulation_outputs
2026-02-12 15:17:38 - INFO - ============================================================
2026-02-12 15:17:38 - INFO - SIMULATION COMPLETE
2026-02-12 15:17:38 - INFO - ============================================================
2026-02-12 15:17:38 - INFO - End time: 2026-02-12 15:17:38
2026-02-12 15:17:38 - INFO - All outputs saved to: simulation_outputs
2026-02-12 15:17:38 - INFO - 
